Arguments: 
  /home/behnam/.nvm/versions/node/v14.4.0/bin/node /home/behnam/.yarn/bin/yarn.js

PATH: 
  /home/behnam/.yarn/bin:/home/behnam/.config/yarn/global/node_modules/.bin:/home/behnam/.yarn/bin:/home/behnam/.config/yarn/global/node_modules/.bin:/home/behnam/.nvm/versions/node/v14.4.0/bin:/home/linuxbrew/.linuxbrew/bin:/home/linuxbrew/.linuxbrew/sbin:/home/behnam/.local/bin:/home/behnam/bin:/usr/local/sbin:/usr/local/bin:/usr/sbin:/usr/bin:/sbin:/bin:/usr/games:/usr/local/games:/snap/bin:/usr/lib/jvm/java-8-oracle/bin:/usr/lib/jvm/java-8-oracle/db/bin:/usr/lib/jvm/java-8-oracle/jre/bin:/home/behnam/android/sdk/emulator:/home/behnam/android/sdk/tools:/home/behnam/android/sdk/tools/bin:/home/behnam/android/sdk/platform-tools:/home/behnam/android/sdk/emulator:/home/behnam/android/sdk/tools:/home/behnam/android/sdk/tools/bin:/home/behnam/android/sdk/platform-tools

Yarn version: 
  1.22.4

Node version: 
  14.4.0

Platform: 
  linux x64

Trace: 
  SyntaxError: /home/behnam/projects/DuFund/packages/core/package.json: Unexpected token } in JSON at position 582
      at JSON.parse (<anonymous>)
      at /home/behnam/.yarn/lib/cli.js:1625:59
      at Generator.next (<anonymous>)
      at step (/home/behnam/.yarn/lib/cli.js:310:30)
      at /home/behnam/.yarn/lib/cli.js:321:13

npm manifest: 
  {
    "name": "DuFund",
    "version": "0.0.1",
    "description": "decentralized sexual harassment reporting app",
    "repository": "https://github.com/behnamt/Soot.git",
    "author": "Behnam Tehrani",
    "license": "MIT",
    "private": true,
    "workspaces": ["packages/*"],
    "devDependencies": {
      "lerna": "^3.22.1"
    }
  }

yarn manifest: 
  No manifest

Lockfile: 
  No lockfile
